{"uuid":"043854c9-5ef1-42d2-bb9f-b55a39eb7b9b","historyId":"92b98a7336b1844dbc96f18c8f5bda2b","fullName":"BookmarksTest.bookmarksTest","labels":[{"name":"package","value":"BookmarksTest"},{"name":"testClass","value":"BookmarksTest"},{"name":"testMethod","value":"bookmarksTest"},{"name":"parentSuite","value":"E-katalog"},{"name":"suite","value":"BookmarksTest"},{"name":"subSuite","value":"BookmarksTest"},{"name":"host","value":"pc"},{"name":"thread","value":"24945@pc.main(1)"}],"links":[],"name":"bookmarksTest","status":"failed","statusDetails":{"known":false,"muted":false,"flaky":false,"message":"Item is not found in view history","trace":"java.lang.AssertionError: Item is not found in view history\n\tat BookmarksTest.checkHistory_aroundBody4(BookmarksTest.java:81)\n\tat BookmarksTest$AjcClosure5.run(BookmarksTest.java:1)\n\tat org.aspectj.runtime.reflect.JoinPointImpl.proceed(JoinPointImpl.java:149)\n\tat io.qameta.allure.aspects.StepsAspects.step(StepsAspects.java:51)\n\tat BookmarksTest.checkHistory(BookmarksTest.java:73)\n\tat BookmarksTest.bookmarksTest(BookmarksTest.java:109)\n\tat java.base/jdk.internal.reflect.NativeMethodAccessorImpl.invoke0(Native Method)\n\tat java.base/jdk.internal.reflect.NativeMethodAccessorImpl.invoke(NativeMethodAccessorImpl.java:62)\n\tat java.base/jdk.internal.reflect.DelegatingMethodAccessorImpl.invoke(DelegatingMethodAccessorImpl.java:43)\n\tat java.base/java.lang.reflect.Method.invoke(Method.java:564)\n\tat org.testng.internal.MethodInvocationHelper.invokeMethod(MethodInvocationHelper.java:80)\n\tat org.testng.internal.Invoker.invokeMethod(Invoker.java:714)\n\tat org.testng.internal.Invoker.invokeTestMethod(Invoker.java:901)\n\tat org.testng.internal.Invoker.invokeTestMethods(Invoker.java:1231)\n\tat org.testng.internal.TestMethodWorker.invokeTestMethods(TestMethodWorker.java:127)\n\tat org.testng.internal.TestMethodWorker.run(TestMethodWorker.java:111)\n\tat org.testng.TestRunner.privateRun(TestRunner.java:767)\n\tat org.testng.TestRunner.run(TestRunner.java:617)\n\tat org.testng.SuiteRunner.runTest(SuiteRunner.java:334)\n\tat org.testng.SuiteRunner.runSequentially(SuiteRunner.java:329)\n\tat org.testng.SuiteRunner.privateRun(SuiteRunner.java:291)\n\tat org.testng.SuiteRunner.run(SuiteRunner.java:240)\n\tat org.testng.SuiteRunnerWorker.runSuite(SuiteRunnerWorker.java:52)\n\tat org.testng.SuiteRunnerWorker.run(SuiteRunnerWorker.java:86)\n\tat org.testng.TestNG.runSuitesSequentially(TestNG.java:1198)\n\tat org.testng.TestNG.runSuitesLocally(TestNG.java:1123)\n\tat org.testng.TestNG.run(TestNG.java:1031)\n\tat org.apache.maven.surefire.testng.TestNGExecutor.run(TestNGExecutor.java:283)\n\tat org.apache.maven.surefire.testng.TestNGXmlTestSuite.execute(TestNGXmlTestSuite.java:75)\n\tat org.apache.maven.surefire.testng.TestNGProvider.invoke(TestNGProvider.java:120)\n\tat org.apache.maven.surefire.booter.ForkedBooter.invokeProviderInSameClassLoader(ForkedBooter.java:386)\n\tat org.apache.maven.surefire.booter.ForkedBooter.runSuitesInProcess(ForkedBooter.java:323)\n\tat org.apache.maven.surefire.booter.ForkedBooter.main(ForkedBooter.java:143)\n"},"stage":"finished","description":"Добавление товара в закладки и история посещений","start":1523137822567,"stop":1523137872685,"steps":[{"name":"Вход в аккаунт. Логин: TestNg, пароль: qwerqwer123","status":"passed","stage":"finished","start":1523137822568,"stop":1523137824099,"parameters":[{"name":"login","value":"TestNg"},{"name":"password","value":"qwerqwer123"}]},{"name":"Переход в категорию и применение фильтров","status":"passed","stage":"finished","start":1523137824099,"stop":1523137832600},{"name":"Поиск товара Sony HDR-AZ1VW","status":"passed","stage":"finished","start":1523137832600,"stop":1523137847271,"parameters":[{"name":"itemName","value":"Sony HDR-AZ1VW"}]},{"name":"Проверка наличия Sony HDR-AZ1VW в истории просмотров","status":"failed","statusDetails":{"known":false,"muted":false,"flaky":false,"message":"Item is not found in view history","trace":"java.lang.AssertionError: Item is not found in view history\n\tat BookmarksTest.checkHistory_aroundBody4(BookmarksTest.java:81)\n\tat BookmarksTest$AjcClosure5.run(BookmarksTest.java:1)\n\tat org.aspectj.runtime.reflect.JoinPointImpl.proceed(JoinPointImpl.java:149)\n\tat io.qameta.allure.aspects.StepsAspects.step(StepsAspects.java:51)\n\tat BookmarksTest.checkHistory(BookmarksTest.java:73)\n\tat BookmarksTest.bookmarksTest(BookmarksTest.java:109)\n\tat java.base/jdk.internal.reflect.NativeMethodAccessorImpl.invoke0(Native Method)\n\tat java.base/jdk.internal.reflect.NativeMethodAccessorImpl.invoke(NativeMethodAccessorImpl.java:62)\n\tat java.base/jdk.internal.reflect.DelegatingMethodAccessorImpl.invoke(DelegatingMethodAccessorImpl.java:43)\n\tat java.base/java.lang.reflect.Method.invoke(Method.java:564)\n\tat org.testng.internal.MethodInvocationHelper.invokeMethod(MethodInvocationHelper.java:80)\n\tat org.testng.internal.Invoker.invokeMethod(Invoker.java:714)\n\tat org.testng.internal.Invoker.invokeTestMethod(Invoker.java:901)\n\tat org.testng.internal.Invoker.invokeTestMethods(Invoker.java:1231)\n\tat org.testng.internal.TestMethodWorker.invokeTestMethods(TestMethodWorker.java:127)\n\tat org.testng.internal.TestMethodWorker.run(TestMethodWorker.java:111)\n\tat org.testng.TestRunner.privateRun(TestRunner.java:767)\n\tat org.testng.TestRunner.run(TestRunner.java:617)\n\tat org.testng.SuiteRunner.runTest(SuiteRunner.java:334)\n\tat org.testng.SuiteRunner.runSequentially(SuiteRunner.java:329)\n\tat org.testng.SuiteRunner.privateRun(SuiteRunner.java:291)\n\tat org.testng.SuiteRunner.run(SuiteRunner.java:240)\n\tat org.testng.SuiteRunnerWorker.runSuite(SuiteRunnerWorker.java:52)\n\tat org.testng.SuiteRunnerWorker.run(SuiteRunnerWorker.java:86)\n\tat org.testng.TestNG.runSuitesSequentially(TestNG.java:1198)\n\tat org.testng.TestNG.runSuitesLocally(TestNG.java:1123)\n\tat org.testng.TestNG.run(TestNG.java:1031)\n\tat org.apache.maven.surefire.testng.TestNGExecutor.run(TestNGExecutor.java:283)\n\tat org.apache.maven.surefire.testng.TestNGXmlTestSuite.execute(TestNGXmlTestSuite.java:75)\n\tat org.apache.maven.surefire.testng.TestNGProvider.invoke(TestNGProvider.java:120)\n\tat org.apache.maven.surefire.booter.ForkedBooter.invokeProviderInSameClassLoader(ForkedBooter.java:386)\n\tat org.apache.maven.surefire.booter.ForkedBooter.runSuitesInProcess(ForkedBooter.java:323)\n\tat org.apache.maven.surefire.booter.ForkedBooter.main(ForkedBooter.java:143)\n"},"stage":"finished","start":1523137847272,"stop":1523137866513,"parameters":[{"name":"itemName","value":"Sony HDR-AZ1VW"}]}],"attachments":[{"name":"Page screenshot","source":"832bd9c6-9c0a-4f23-9592-cdeca2c18aae-attachment","type":"image/png"}],"parameters":[{"name":"password","value":"qwerqwer123"},{"name":"itemName","value":"Sony HDR-AZ1VW"},{"name":"login","value":"TestNg"},{"name":"arg0","value":"TestNg"},{"name":"arg1","value":"qwerqwer123"},{"name":"arg2","value":"Sony HDR-AZ1VW"}]}