{"uuid":"504211ce-d8e7-44f4-9122-bd0055644a65","historyId":"92b98a7336b1844dbc96f18c8f5bda2b","fullName":"BookmarksTest.bookmarksTest","labels":[{"name":"package","value":"BookmarksTest"},{"name":"testClass","value":"BookmarksTest"},{"name":"testMethod","value":"bookmarksTest"},{"name":"parentSuite","value":"E-katalog"},{"name":"suite","value":"BookmarksTest"},{"name":"subSuite","value":"BookmarksTest"},{"name":"host","value":"pc"},{"name":"thread","value":"32324@pc.main(1)"}],"links":[],"name":"bookmarksTest","status":"failed","statusDetails":{"known":false,"muted":false,"flaky":false,"message":"Failed to add the test item to bookmarks","trace":"java.lang.AssertionError: Failed to add the test item to bookmarks\n\tat BookmarksTest.checkItemAndAddBookmark_aroundBody2(BookmarksTest.java:71)\n\tat BookmarksTest$AjcClosure3.run(BookmarksTest.java:1)\n\tat org.aspectj.runtime.reflect.JoinPointImpl.proceed(JoinPointImpl.java:149)\n\tat io.qameta.allure.aspects.StepsAspects.step(StepsAspects.java:51)\n\tat BookmarksTest.checkItemAndAddBookmark(BookmarksTest.java:49)\n\tat BookmarksTest.bookmarksTest(BookmarksTest.java:112)\n\tat java.base/jdk.internal.reflect.NativeMethodAccessorImpl.invoke0(Native Method)\n\tat java.base/jdk.internal.reflect.NativeMethodAccessorImpl.invoke(NativeMethodAccessorImpl.java:62)\n\tat java.base/jdk.internal.reflect.DelegatingMethodAccessorImpl.invoke(DelegatingMethodAccessorImpl.java:43)\n\tat java.base/java.lang.reflect.Method.invoke(Method.java:564)\n\tat org.testng.internal.MethodInvocationHelper.invokeMethod(MethodInvocationHelper.java:80)\n\tat org.testng.internal.Invoker.invokeMethod(Invoker.java:714)\n\tat org.testng.internal.Invoker.invokeTestMethod(Invoker.java:901)\n\tat org.testng.internal.Invoker.invokeTestMethods(Invoker.java:1231)\n\tat org.testng.internal.TestMethodWorker.invokeTestMethods(TestMethodWorker.java:127)\n\tat org.testng.internal.TestMethodWorker.run(TestMethodWorker.java:111)\n\tat org.testng.TestRunner.privateRun(TestRunner.java:767)\n\tat org.testng.TestRunner.run(TestRunner.java:617)\n\tat org.testng.SuiteRunner.runTest(SuiteRunner.java:334)\n\tat org.testng.SuiteRunner.runSequentially(SuiteRunner.java:329)\n\tat org.testng.SuiteRunner.privateRun(SuiteRunner.java:291)\n\tat org.testng.SuiteRunner.run(SuiteRunner.java:240)\n\tat org.testng.SuiteRunnerWorker.runSuite(SuiteRunnerWorker.java:52)\n\tat org.testng.SuiteRunnerWorker.run(SuiteRunnerWorker.java:86)\n\tat org.testng.TestNG.runSuitesSequentially(TestNG.java:1198)\n\tat org.testng.TestNG.runSuitesLocally(TestNG.java:1123)\n\tat org.testng.TestNG.run(TestNG.java:1031)\n\tat org.apache.maven.surefire.testng.TestNGExecutor.run(TestNGExecutor.java:283)\n\tat org.apache.maven.surefire.testng.TestNGXmlTestSuite.execute(TestNGXmlTestSuite.java:75)\n\tat org.apache.maven.surefire.testng.TestNGProvider.invoke(TestNGProvider.java:120)\n\tat org.apache.maven.surefire.booter.ForkedBooter.invokeProviderInSameClassLoader(ForkedBooter.java:386)\n\tat org.apache.maven.surefire.booter.ForkedBooter.runSuitesInProcess(ForkedBooter.java:323)\n\tat org.apache.maven.surefire.booter.ForkedBooter.main(ForkedBooter.java:143)\n"},"stage":"finished","description":"Добавление товара в закладки и история посещений","start":1522962412424,"stop":1522962446077,"steps":[{"name":"Вход в аккаунт. Логин: TestNg, пароль: qwerqwer123","status":"passed","stage":"finished","start":1522962412425,"stop":1522962413669,"parameters":[{"name":"login","value":"TestNg"},{"name":"password","value":"qwerqwer123"}]},{"name":"Переход в категорию и применение фильтров","status":"passed","stage":"finished","start":1522962413673,"stop":1522962426521},{"name":"Поиск товара Sony HDR-AZ1VW","status":"failed","statusDetails":{"known":false,"muted":false,"flaky":false,"message":"Failed to add the test item to bookmarks","trace":"java.lang.AssertionError: Failed to add the test item to bookmarks\n\tat BookmarksTest.checkItemAndAddBookmark_aroundBody2(BookmarksTest.java:71)\n\tat BookmarksTest$AjcClosure3.run(BookmarksTest.java:1)\n\tat org.aspectj.runtime.reflect.JoinPointImpl.proceed(JoinPointImpl.java:149)\n\tat io.qameta.allure.aspects.StepsAspects.step(StepsAspects.java:51)\n\tat BookmarksTest.checkItemAndAddBookmark(BookmarksTest.java:49)\n\tat BookmarksTest.bookmarksTest(BookmarksTest.java:112)\n\tat java.base/jdk.internal.reflect.NativeMethodAccessorImpl.invoke0(Native Method)\n\tat java.base/jdk.internal.reflect.NativeMethodAccessorImpl.invoke(NativeMethodAccessorImpl.java:62)\n\tat java.base/jdk.internal.reflect.DelegatingMethodAccessorImpl.invoke(DelegatingMethodAccessorImpl.java:43)\n\tat java.base/java.lang.reflect.Method.invoke(Method.java:564)\n\tat org.testng.internal.MethodInvocationHelper.invokeMethod(MethodInvocationHelper.java:80)\n\tat org.testng.internal.Invoker.invokeMethod(Invoker.java:714)\n\tat org.testng.internal.Invoker.invokeTestMethod(Invoker.java:901)\n\tat org.testng.internal.Invoker.invokeTestMethods(Invoker.java:1231)\n\tat org.testng.internal.TestMethodWorker.invokeTestMethods(TestMethodWorker.java:127)\n\tat org.testng.internal.TestMethodWorker.run(TestMethodWorker.java:111)\n\tat org.testng.TestRunner.privateRun(TestRunner.java:767)\n\tat org.testng.TestRunner.run(TestRunner.java:617)\n\tat org.testng.SuiteRunner.runTest(SuiteRunner.java:334)\n\tat org.testng.SuiteRunner.runSequentially(SuiteRunner.java:329)\n\tat org.testng.SuiteRunner.privateRun(SuiteRunner.java:291)\n\tat org.testng.SuiteRunner.run(SuiteRunner.java:240)\n\tat org.testng.SuiteRunnerWorker.runSuite(SuiteRunnerWorker.java:52)\n\tat org.testng.SuiteRunnerWorker.run(SuiteRunnerWorker.java:86)\n\tat org.testng.TestNG.runSuitesSequentially(TestNG.java:1198)\n\tat org.testng.TestNG.runSuitesLocally(TestNG.java:1123)\n\tat org.testng.TestNG.run(TestNG.java:1031)\n\tat org.apache.maven.surefire.testng.TestNGExecutor.run(TestNGExecutor.java:283)\n\tat org.apache.maven.surefire.testng.TestNGXmlTestSuite.execute(TestNGXmlTestSuite.java:75)\n\tat org.apache.maven.surefire.testng.TestNGProvider.invoke(TestNGProvider.java:120)\n\tat org.apache.maven.surefire.booter.ForkedBooter.invokeProviderInSameClassLoader(ForkedBooter.java:386)\n\tat org.apache.maven.surefire.booter.ForkedBooter.runSuitesInProcess(ForkedBooter.java:323)\n\tat org.apache.maven.surefire.booter.ForkedBooter.main(ForkedBooter.java:143)\n"},"stage":"finished","start":1522962426522,"stop":1522962444163,"parameters":[{"name":"itemName","value":"Sony HDR-AZ1VW"}]}],"attachments":[{"name":"Page screenshot","source":"d9d6f2ae-8f64-4612-a97d-f64be66a8087-attachment","type":"image/png"},{"name":"null failed, screenshot taken","source":"f2b39886-d3d3-4899-a6fc-f80202221dc4-attachment","type":"text/plain"}],"parameters":[{"name":"password","value":"qwerqwer123"},{"name":"itemName","value":"Sony HDR-AZ1VW"},{"name":"login","value":"TestNg"},{"name":"arg0","value":"TestNg"},{"name":"arg1","value":"qwerqwer123"},{"name":"arg2","value":"Sony HDR-AZ1VW"}]}