{"uuid":"84b201fb-30b3-4e35-b2de-38c5c02ffe69","historyId":"54891d38aacbc3dc99b2289f8c84bbd4","fullName":"PriceFilterTest.priceFilterTest","labels":[{"name":"package","value":"PriceFilterTest"},{"name":"testClass","value":"PriceFilterTest"},{"name":"testMethod","value":"priceFilterTest"},{"name":"parentSuite","value":"E-katalog"},{"name":"suite","value":"PriceFilterTest"},{"name":"subSuite","value":"PriceFilterTest"},{"name":"host","value":"pc"},{"name":"thread","value":"22834@pc.main(1)"}],"links":[],"name":"priceFilterTest","status":"broken","statusDetails":{"known":false,"muted":false,"flaky":false,"message":"stale element reference: element is not attached to the page document\n  (Session info: chrome=65.0.3325.162)\n  (Driver info: chromedriver=2.37.544315 (730aa6a5fdba159ac9f4c1e8cbc59bf1b5ce12b7),platform=Linux 4.13.0-37-generic x86_64) (WARNING: The server did not provide any stacktrace information)\nCommand duration or timeout: 24 milliseconds\nFor documentation on this error, please visit: http://seleniumhq.org/exceptions/stale_element_reference.html\nBuild info: version: '2.17.0', revision: '15546', time: '2012-01-16 17:11:34'\nSystem info: os.name: 'Linux', os.arch: 'amd64', os.version: '4.13.0-37-generic', java.version: '9.0.4'\nDriver info: driver.version: RemoteWebDriver","trace":"org.openqa.selenium.StaleElementReferenceException: stale element reference: element is not attached to the page document\n  (Session info: chrome=65.0.3325.162)\n  (Driver info: chromedriver=2.37.544315 (730aa6a5fdba159ac9f4c1e8cbc59bf1b5ce12b7),platform=Linux 4.13.0-37-generic x86_64) (WARNING: The server did not provide any stacktrace information)\nCommand duration or timeout: 24 milliseconds\nFor documentation on this error, please visit: http://seleniumhq.org/exceptions/stale_element_reference.html\nBuild info: version: '2.17.0', revision: '15546', time: '2012-01-16 17:11:34'\nSystem info: os.name: 'Linux', os.arch: 'amd64', os.version: '4.13.0-37-generic', java.version: '9.0.4'\nDriver info: driver.version: RemoteWebDriver\n\tat java.base/jdk.internal.reflect.NativeConstructorAccessorImpl.newInstance0(Native Method)\n\tat java.base/jdk.internal.reflect.NativeConstructorAccessorImpl.newInstance(NativeConstructorAccessorImpl.java:62)\n\tat java.base/jdk.internal.reflect.DelegatingConstructorAccessorImpl.newInstance(DelegatingConstructorAccessorImpl.java:45)\n\tat java.base/java.lang.reflect.Constructor.newInstance(Constructor.java:488)\n\tat org.openqa.selenium.remote.ErrorHandler.createThrowable(ErrorHandler.java:147)\n\tat org.openqa.selenium.remote.ErrorHandler.throwIfResponseFailed(ErrorHandler.java:113)\n\tat org.openqa.selenium.remote.RemoteWebDriver.execute(RemoteWebDriver.java:439)\n\tat org.openqa.selenium.remote.RemoteWebDriver.executeScript(RemoteWebDriver.java:353)\n\tat TestBase.scrollIntoView(TestBase.java:75)\n\tat TestBase.click(TestBase.java:82)\n\tat PriceFilterTest.locateCategoryAndApplyFilters_aroundBody0(PriceFilterTest.java:31)\n\tat PriceFilterTest$AjcClosure1.run(PriceFilterTest.java:1)\n\tat org.aspectj.runtime.reflect.JoinPointImpl.proceed(JoinPointImpl.java:149)\n\tat io.qameta.allure.aspects.StepsAspects.step(StepsAspects.java:51)\n\tat PriceFilterTest.locateCategoryAndApplyFilters(PriceFilterTest.java:19)\n\tat PriceFilterTest.priceFilterTest(PriceFilterTest.java:59)\n\tat java.base/jdk.internal.reflect.NativeMethodAccessorImpl.invoke0(Native Method)\n\tat java.base/jdk.internal.reflect.NativeMethodAccessorImpl.invoke(NativeMethodAccessorImpl.java:62)\n\tat java.base/jdk.internal.reflect.DelegatingMethodAccessorImpl.invoke(DelegatingMethodAccessorImpl.java:43)\n\tat java.base/java.lang.reflect.Method.invoke(Method.java:564)\n\tat org.testng.internal.MethodInvocationHelper.invokeMethod(MethodInvocationHelper.java:80)\n\tat org.testng.internal.Invoker.invokeMethod(Invoker.java:714)\n\tat org.testng.internal.Invoker.invokeTestMethod(Invoker.java:901)\n\tat org.testng.internal.Invoker.invokeTestMethods(Invoker.java:1231)\n\tat org.testng.internal.TestMethodWorker.invokeTestMethods(TestMethodWorker.java:127)\n\tat org.testng.internal.TestMethodWorker.run(TestMethodWorker.java:111)\n\tat org.testng.TestRunner.privateRun(TestRunner.java:767)\n\tat org.testng.TestRunner.run(TestRunner.java:617)\n\tat org.testng.SuiteRunner.runTest(SuiteRunner.java:334)\n\tat org.testng.SuiteRunner.runSequentially(SuiteRunner.java:329)\n\tat org.testng.SuiteRunner.privateRun(SuiteRunner.java:291)\n\tat org.testng.SuiteRunner.run(SuiteRunner.java:240)\n\tat org.testng.SuiteRunnerWorker.runSuite(SuiteRunnerWorker.java:52)\n\tat org.testng.SuiteRunnerWorker.run(SuiteRunnerWorker.java:86)\n\tat org.testng.TestNG.runSuitesSequentially(TestNG.java:1198)\n\tat org.testng.TestNG.runSuitesLocally(TestNG.java:1123)\n\tat org.testng.TestNG.run(TestNG.java:1031)\n\tat org.apache.maven.surefire.testng.TestNGExecutor.run(TestNGExecutor.java:283)\n\tat org.apache.maven.surefire.testng.TestNGXmlTestSuite.execute(TestNGXmlTestSuite.java:75)\n\tat org.apache.maven.surefire.testng.TestNGProvider.invoke(TestNGProvider.java:120)\n\tat org.apache.maven.surefire.booter.ForkedBooter.invokeProviderInSameClassLoader(ForkedBooter.java:386)\n\tat org.apache.maven.surefire.booter.ForkedBooter.runSuitesInProcess(ForkedBooter.java:323)\n\tat org.apache.maven.surefire.booter.ForkedBooter.main(ForkedBooter.java:143)\n"},"stage":"finished","description":"Поиск с ограничением по цене","start":1523137166011,"stop":1523137174363,"steps":[{"name":"Переход в категорию и поиск с ограничением цены до 2000 рублей","status":"broken","statusDetails":{"known":false,"muted":false,"flaky":false,"message":"stale element reference: element is not attached to the page document\n  (Session info: chrome=65.0.3325.162)\n  (Driver info: chromedriver=2.37.544315 (730aa6a5fdba159ac9f4c1e8cbc59bf1b5ce12b7),platform=Linux 4.13.0-37-generic x86_64) (WARNING: The server did not provide any stacktrace information)\nCommand duration or timeout: 24 milliseconds\nFor documentation on this error, please visit: http://seleniumhq.org/exceptions/stale_element_reference.html\nBuild info: version: '2.17.0', revision: '15546', time: '2012-01-16 17:11:34'\nSystem info: os.name: 'Linux', os.arch: 'amd64', os.version: '4.13.0-37-generic', java.version: '9.0.4'\nDriver info: driver.version: RemoteWebDriver","trace":"org.openqa.selenium.StaleElementReferenceException: stale element reference: element is not attached to the page document\n  (Session info: chrome=65.0.3325.162)\n  (Driver info: chromedriver=2.37.544315 (730aa6a5fdba159ac9f4c1e8cbc59bf1b5ce12b7),platform=Linux 4.13.0-37-generic x86_64) (WARNING: The server did not provide any stacktrace information)\nCommand duration or timeout: 24 milliseconds\nFor documentation on this error, please visit: http://seleniumhq.org/exceptions/stale_element_reference.html\nBuild info: version: '2.17.0', revision: '15546', time: '2012-01-16 17:11:34'\nSystem info: os.name: 'Linux', os.arch: 'amd64', os.version: '4.13.0-37-generic', java.version: '9.0.4'\nDriver info: driver.version: RemoteWebDriver\n\tat java.base/jdk.internal.reflect.NativeConstructorAccessorImpl.newInstance0(Native Method)\n\tat java.base/jdk.internal.reflect.NativeConstructorAccessorImpl.newInstance(NativeConstructorAccessorImpl.java:62)\n\tat java.base/jdk.internal.reflect.DelegatingConstructorAccessorImpl.newInstance(DelegatingConstructorAccessorImpl.java:45)\n\tat java.base/java.lang.reflect.Constructor.newInstance(Constructor.java:488)\n\tat org.openqa.selenium.remote.ErrorHandler.createThrowable(ErrorHandler.java:147)\n\tat org.openqa.selenium.remote.ErrorHandler.throwIfResponseFailed(ErrorHandler.java:113)\n\tat org.openqa.selenium.remote.RemoteWebDriver.execute(RemoteWebDriver.java:439)\n\tat org.openqa.selenium.remote.RemoteWebDriver.executeScript(RemoteWebDriver.java:353)\n\tat TestBase.scrollIntoView(TestBase.java:75)\n\tat TestBase.click(TestBase.java:82)\n\tat PriceFilterTest.locateCategoryAndApplyFilters_aroundBody0(PriceFilterTest.java:31)\n\tat PriceFilterTest$AjcClosure1.run(PriceFilterTest.java:1)\n\tat org.aspectj.runtime.reflect.JoinPointImpl.proceed(JoinPointImpl.java:149)\n\tat io.qameta.allure.aspects.StepsAspects.step(StepsAspects.java:51)\n\tat PriceFilterTest.locateCategoryAndApplyFilters(PriceFilterTest.java:19)\n\tat PriceFilterTest.priceFilterTest(PriceFilterTest.java:59)\n\tat java.base/jdk.internal.reflect.NativeMethodAccessorImpl.invoke0(Native Method)\n\tat java.base/jdk.internal.reflect.NativeMethodAccessorImpl.invoke(NativeMethodAccessorImpl.java:62)\n\tat java.base/jdk.internal.reflect.DelegatingMethodAccessorImpl.invoke(DelegatingMethodAccessorImpl.java:43)\n\tat java.base/java.lang.reflect.Method.invoke(Method.java:564)\n\tat org.testng.internal.MethodInvocationHelper.invokeMethod(MethodInvocationHelper.java:80)\n\tat org.testng.internal.Invoker.invokeMethod(Invoker.java:714)\n\tat org.testng.internal.Invoker.invokeTestMethod(Invoker.java:901)\n\tat org.testng.internal.Invoker.invokeTestMethods(Invoker.java:1231)\n\tat org.testng.internal.TestMethodWorker.invokeTestMethods(TestMethodWorker.java:127)\n\tat org.testng.internal.TestMethodWorker.run(TestMethodWorker.java:111)\n\tat org.testng.TestRunner.privateRun(TestRunner.java:767)\n\tat org.testng.TestRunner.run(TestRunner.java:617)\n\tat org.testng.SuiteRunner.runTest(SuiteRunner.java:334)\n\tat org.testng.SuiteRunner.runSequentially(SuiteRunner.java:329)\n\tat org.testng.SuiteRunner.privateRun(SuiteRunner.java:291)\n\tat org.testng.SuiteRunner.run(SuiteRunner.java:240)\n\tat org.testng.SuiteRunnerWorker.runSuite(SuiteRunnerWorker.java:52)\n\tat org.testng.SuiteRunnerWorker.run(SuiteRunnerWorker.java:86)\n\tat org.testng.TestNG.runSuitesSequentially(TestNG.java:1198)\n\tat org.testng.TestNG.runSuitesLocally(TestNG.java:1123)\n\tat org.testng.TestNG.run(TestNG.java:1031)\n\tat org.apache.maven.surefire.testng.TestNGExecutor.run(TestNGExecutor.java:283)\n\tat org.apache.maven.surefire.testng.TestNGXmlTestSuite.execute(TestNGXmlTestSuite.java:75)\n\tat org.apache.maven.surefire.testng.TestNGProvider.invoke(TestNGProvider.java:120)\n\tat org.apache.maven.surefire.booter.ForkedBooter.invokeProviderInSameClassLoader(ForkedBooter.java:386)\n\tat org.apache.maven.surefire.booter.ForkedBooter.runSuitesInProcess(ForkedBooter.java:323)\n\tat org.apache.maven.surefire.booter.ForkedBooter.main(ForkedBooter.java:143)\n"},"stage":"finished","start":1523137166031,"stop":1523137171811,"parameters":[{"name":"maxPrice","value":"2000"}]}],"attachments":[{"name":"Page screenshot","source":"5089cc11-bf24-44b2-8266-d91a84ca55a7-attachment","type":"image/png"}],"parameters":[{"name":"password","value":"qwerqwer123"},{"name":"maxPrice","value":"2000"},{"name":"login","value":"TestNg"},{"name":"arg0","value":"2000"}]}