{"uuid":"8df98998-9d9b-40e6-bfa3-36d39865a967","historyId":"92b98a7336b1844dbc96f18c8f5bda2b","fullName":"BookmarksTest.bookmarksTest","labels":[{"name":"package","value":"BookmarksTest"},{"name":"testClass","value":"BookmarksTest"},{"name":"testMethod","value":"bookmarksTest"},{"name":"parentSuite","value":"E-katalog"},{"name":"suite","value":"BookmarksTest"},{"name":"subSuite","value":"BookmarksTest"},{"name":"host","value":"pc"},{"name":"thread","value":"23915@pc.main(1)"}],"links":[],"name":"bookmarksTest","status":"failed","statusDetails":{"known":false,"muted":false,"flaky":false,"message":"Failed to add the test item to bookmarks","trace":"java.lang.AssertionError: Failed to add the test item to bookmarks\n\tat BookmarksTest.checkItemAndAddBookmark_aroundBody2(BookmarksTest.java:67)\n\tat BookmarksTest$AjcClosure3.run(BookmarksTest.java:1)\n\tat org.aspectj.runtime.reflect.JoinPointImpl.proceed(JoinPointImpl.java:149)\n\tat io.qameta.allure.aspects.StepsAspects.step(StepsAspects.java:51)\n\tat BookmarksTest.checkItemAndAddBookmark(BookmarksTest.java:45)\n\tat BookmarksTest.bookmarksTest(BookmarksTest.java:108)\n\tat java.base/jdk.internal.reflect.NativeMethodAccessorImpl.invoke0(Native Method)\n\tat java.base/jdk.internal.reflect.NativeMethodAccessorImpl.invoke(NativeMethodAccessorImpl.java:62)\n\tat java.base/jdk.internal.reflect.DelegatingMethodAccessorImpl.invoke(DelegatingMethodAccessorImpl.java:43)\n\tat java.base/java.lang.reflect.Method.invoke(Method.java:564)\n\tat org.testng.internal.MethodInvocationHelper.invokeMethod(MethodInvocationHelper.java:80)\n\tat org.testng.internal.Invoker.invokeMethod(Invoker.java:714)\n\tat org.testng.internal.Invoker.invokeTestMethod(Invoker.java:901)\n\tat org.testng.internal.Invoker.invokeTestMethods(Invoker.java:1231)\n\tat org.testng.internal.TestMethodWorker.invokeTestMethods(TestMethodWorker.java:127)\n\tat org.testng.internal.TestMethodWorker.run(TestMethodWorker.java:111)\n\tat org.testng.TestRunner.privateRun(TestRunner.java:767)\n\tat org.testng.TestRunner.run(TestRunner.java:617)\n\tat org.testng.SuiteRunner.runTest(SuiteRunner.java:334)\n\tat org.testng.SuiteRunner.runSequentially(SuiteRunner.java:329)\n\tat org.testng.SuiteRunner.privateRun(SuiteRunner.java:291)\n\tat org.testng.SuiteRunner.run(SuiteRunner.java:240)\n\tat org.testng.SuiteRunnerWorker.runSuite(SuiteRunnerWorker.java:52)\n\tat org.testng.SuiteRunnerWorker.run(SuiteRunnerWorker.java:86)\n\tat org.testng.TestNG.runSuitesSequentially(TestNG.java:1198)\n\tat org.testng.TestNG.runSuitesLocally(TestNG.java:1123)\n\tat org.testng.TestNG.run(TestNG.java:1031)\n\tat org.apache.maven.surefire.testng.TestNGExecutor.run(TestNGExecutor.java:283)\n\tat org.apache.maven.surefire.testng.TestNGXmlTestSuite.execute(TestNGXmlTestSuite.java:75)\n\tat org.apache.maven.surefire.testng.TestNGProvider.invoke(TestNGProvider.java:120)\n\tat org.apache.maven.surefire.booter.ForkedBooter.invokeProviderInSameClassLoader(ForkedBooter.java:386)\n\tat org.apache.maven.surefire.booter.ForkedBooter.runSuitesInProcess(ForkedBooter.java:323)\n\tat org.apache.maven.surefire.booter.ForkedBooter.main(ForkedBooter.java:143)\n"},"stage":"finished","description":"Добавление товара в закладки и история посещений","start":1523137481680,"stop":1523137508611,"steps":[{"name":"Вход в аккаунт. Логин: TestNg, пароль: qwerqwer123","status":"passed","stage":"finished","start":1523137481681,"stop":1523137482775,"parameters":[{"name":"login","value":"TestNg"},{"name":"password","value":"qwerqwer123"}]},{"name":"Переход в категорию и применение фильтров","status":"passed","stage":"finished","start":1523137482776,"stop":1523137490283},{"name":"Поиск товара Sony HDR-AZ1VW","status":"failed","statusDetails":{"known":false,"muted":false,"flaky":false,"message":"Failed to add the test item to bookmarks","trace":"java.lang.AssertionError: Failed to add the test item to bookmarks\n\tat BookmarksTest.checkItemAndAddBookmark_aroundBody2(BookmarksTest.java:67)\n\tat BookmarksTest$AjcClosure3.run(BookmarksTest.java:1)\n\tat org.aspectj.runtime.reflect.JoinPointImpl.proceed(JoinPointImpl.java:149)\n\tat io.qameta.allure.aspects.StepsAspects.step(StepsAspects.java:51)\n\tat BookmarksTest.checkItemAndAddBookmark(BookmarksTest.java:45)\n\tat BookmarksTest.bookmarksTest(BookmarksTest.java:108)\n\tat java.base/jdk.internal.reflect.NativeMethodAccessorImpl.invoke0(Native Method)\n\tat java.base/jdk.internal.reflect.NativeMethodAccessorImpl.invoke(NativeMethodAccessorImpl.java:62)\n\tat java.base/jdk.internal.reflect.DelegatingMethodAccessorImpl.invoke(DelegatingMethodAccessorImpl.java:43)\n\tat java.base/java.lang.reflect.Method.invoke(Method.java:564)\n\tat org.testng.internal.MethodInvocationHelper.invokeMethod(MethodInvocationHelper.java:80)\n\tat org.testng.internal.Invoker.invokeMethod(Invoker.java:714)\n\tat org.testng.internal.Invoker.invokeTestMethod(Invoker.java:901)\n\tat org.testng.internal.Invoker.invokeTestMethods(Invoker.java:1231)\n\tat org.testng.internal.TestMethodWorker.invokeTestMethods(TestMethodWorker.java:127)\n\tat org.testng.internal.TestMethodWorker.run(TestMethodWorker.java:111)\n\tat org.testng.TestRunner.privateRun(TestRunner.java:767)\n\tat org.testng.TestRunner.run(TestRunner.java:617)\n\tat org.testng.SuiteRunner.runTest(SuiteRunner.java:334)\n\tat org.testng.SuiteRunner.runSequentially(SuiteRunner.java:329)\n\tat org.testng.SuiteRunner.privateRun(SuiteRunner.java:291)\n\tat org.testng.SuiteRunner.run(SuiteRunner.java:240)\n\tat org.testng.SuiteRunnerWorker.runSuite(SuiteRunnerWorker.java:52)\n\tat org.testng.SuiteRunnerWorker.run(SuiteRunnerWorker.java:86)\n\tat org.testng.TestNG.runSuitesSequentially(TestNG.java:1198)\n\tat org.testng.TestNG.runSuitesLocally(TestNG.java:1123)\n\tat org.testng.TestNG.run(TestNG.java:1031)\n\tat org.apache.maven.surefire.testng.TestNGExecutor.run(TestNGExecutor.java:283)\n\tat org.apache.maven.surefire.testng.TestNGXmlTestSuite.execute(TestNGXmlTestSuite.java:75)\n\tat org.apache.maven.surefire.testng.TestNGProvider.invoke(TestNGProvider.java:120)\n\tat org.apache.maven.surefire.booter.ForkedBooter.invokeProviderInSameClassLoader(ForkedBooter.java:386)\n\tat org.apache.maven.surefire.booter.ForkedBooter.runSuitesInProcess(ForkedBooter.java:323)\n\tat org.apache.maven.surefire.booter.ForkedBooter.main(ForkedBooter.java:143)\n"},"stage":"finished","start":1523137490284,"stop":1523137508306,"parameters":[{"name":"itemName","value":"Sony HDR-AZ1VW"}]}],"attachments":[{"name":"Page screenshot","source":"b4272f47-dc5a-48a5-9c79-5b90ae0ac2c0-attachment","type":"image/png"}],"parameters":[{"name":"password","value":"qwerqwer123"},{"name":"itemName","value":"Sony HDR-AZ1VW"},{"name":"login","value":"TestNg"},{"name":"arg0","value":"TestNg"},{"name":"arg1","value":"qwerqwer123"},{"name":"arg2","value":"Sony HDR-AZ1VW"}]}